2018-03-12 22:58:43,665 INFO SprngBootApplication || ||Starting SprngBootApplication on AFOGP-608050718 with PID 4040 (D:\springcloudwork\spring-boot\target\classes started by Administrator in D:\springcloudwork\spring-boot)
 2018-03-12 22:58:43,675 INFO SprngBootApplication || ||No active profile set, falling back to default profiles: default
 2018-03-12 22:58:44,046 INFO AnnotationConfigEmbeddedWebApplicationContext || ||Refreshing org.springframework.boot.context.embedded.AnnotationConfigEmbeddedWebApplicationContext@1ed9e7f7: startup date [Mon Mar 12 22:58:44 CST 2018]; root of context hierarchy
 2018-03-12 22:58:45,249 INFO PostProcessorRegistrationDelegate$BeanPostProcessorChecker || ||Bean 'org.springframework.ws.config.annotation.DelegatingWsConfiguration' of type [org.springframework.ws.config.annotation.DelegatingWsConfiguration$$EnhancerBySpringCGLIB$$b26c688c] is not eligible for getting processed by all BeanPostProcessors (for example: not eligible for auto-proxying)
 2018-03-12 22:58:45,343 INFO AnnotationActionEndpointMapping || ||Supporting [WS-Addressing August 2004, WS-Addressing 1.0]
 2018-03-12 22:58:46,160 INFO TomcatEmbeddedServletContainer || ||Tomcat initialized with port(s): 8080 (http)
 2018-03-12 22:58:46,170 INFO StandardService || ||Starting service [Tomcat]
 2018-03-12 22:58:46,172 INFO StandardEngine || ||Starting Servlet Engine: Apache Tomcat/8.5.23
 2018-03-12 22:58:46,281 INFO [/] || ||Initializing Spring embedded WebApplicationContext
 2018-03-12 22:58:46,281 INFO ContextLoader || ||Root WebApplicationContext: initialization completed in 2235 ms
 2018-03-12 22:58:46,535 INFO FilterRegistrationBean || ||Mapping filter: 'characterEncodingFilter' to: [/*]
 2018-03-12 22:58:46,536 INFO FilterRegistrationBean || ||Mapping filter: 'hiddenHttpMethodFilter' to: [/*]
 2018-03-12 22:58:46,538 INFO FilterRegistrationBean || ||Mapping filter: 'httpPutFormContentFilter' to: [/*]
 2018-03-12 22:58:46,538 INFO FilterRegistrationBean || ||Mapping filter: 'requestContextFilter' to: [/*]
 2018-03-12 22:58:46,539 INFO DelegatingFilterProxyRegistrationBean || ||Mapping filter: 'springSecurityFilterChain' to: [/*]
 2018-03-12 22:58:46,540 INFO ServletRegistrationBean || ||Mapping servlet: 'dispatcherServlet' to [/]
 2018-03-12 22:58:46,542 INFO ServletRegistrationBean || ||Mapping servlet: 'messageDispatcherServlet' to [/services/*]
 2018-03-12 22:58:47,541 INFO DefaultSecurityFilterChain || ||Creating filter chain: org.springframework.security.web.util.matcher.AnyRequestMatcher@1, [org.springframework.security.web.context.request.async.WebAsyncManagerIntegrationFilter@79f02044, org.springframework.security.web.context.SecurityContextPersistenceFilter@511c3b25, org.springframework.security.web.header.HeaderWriterFilter@4f44983f, org.springframework.security.web.authentication.logout.LogoutFilter@4ebcc0cd, org.springframework.security.web.authentication.UsernamePasswordAuthenticationFilter@3189b91a, org.springframework.security.web.savedrequest.RequestCacheAwareFilter@26245d07, org.springframework.security.web.servletapi.SecurityContextHolderAwareRequestFilter@47a56e49, org.springframework.security.web.authentication.AnonymousAuthenticationFilter@54b3f11e, org.springframework.security.web.session.SessionManagementFilter@2c33977, org.springframework.security.web.access.ExceptionTranslationFilter@33f77438, org.springframework.security.web.access.intercept.FilterSecurityInterceptor@326eb185]
 2018-03-12 22:58:47,794 INFO RequestMappingHandlerAdapter || ||Looking for @ControllerAdvice: org.springframework.boot.context.embedded.AnnotationConfigEmbeddedWebApplicationContext@1ed9e7f7: startup date [Mon Mar 12 22:58:44 CST 2018]; root of context hierarchy
 2018-03-12 22:58:47,868 INFO RequestMappingHandlerMapping || ||Mapped "{[/admin]}" onto public java.lang.String com.j.controller.AdminController.index(org.springframework.ui.Model,javax.servlet.http.HttpSession)
 2018-03-12 22:58:47,870 INFO RequestMappingHandlerMapping || ||Mapped "{[/cron]}" onto public java.lang.Object com.j.controller.CronController.setCron(java.lang.String)
 2018-03-12 22:58:47,870 INFO RequestMappingHandlerMapping || ||Mapped "{[/hLogin]}" onto public java.lang.String com.j.controller.huiController.HLogingController.hLogin()
 2018-03-12 22:58:47,872 INFO RequestMappingHandlerMapping || ||Mapped "{[/login],methods=[POST]}" onto public java.lang.String com.j.controller.huiController.HLogingController.login(java.lang.String,java.lang.String)
 2018-03-12 22:58:47,872 INFO RequestMappingHandlerMapping || ||Mapped "{[/huiadmin]}" onto public java.lang.String com.j.controller.huiController.HuiAdminController.huiadmin()
 2018-03-12 22:58:47,875 INFO RequestMappingHandlerMapping || ||Mapped "{[/index]}" onto public java.lang.String com.j.controller.IndexController.index()
 2018-03-12 22:58:47,876 INFO RequestMappingHandlerMapping || ||Mapped "{[/index/get]}" onto public java.lang.Object com.j.controller.IndexController.get(com.j.model.UserRequest,org.springframework.validation.BindingResult)
 2018-03-12 22:58:47,876 INFO RequestMappingHandlerMapping || ||Mapped "{[/index/getInfo/{username}]}" onto public com.j.model.User com.j.controller.IndexController.getUser(java.lang.String)
 2018-03-12 22:58:47,876 INFO RequestMappingHandlerMapping || ||Mapped "{[/index/alluser]}" onto public java.lang.Object com.j.controller.IndexController.alluser()
 2018-03-12 22:58:47,877 INFO RequestMappingHandlerMapping || ||Mapped "{[/index/userinfo/{id}]}" onto public java.lang.Object com.j.controller.IndexController.userinfo(java.lang.String)
 2018-03-12 22:58:47,877 INFO RequestMappingHandlerMapping || ||Mapped "{[/index/error]}" onto public java.lang.String com.j.controller.IndexController.aa() throws java.util.concurrent.TimeoutException
 2018-03-12 22:58:47,877 INFO RequestMappingHandlerMapping || ||Mapped "{[/login1]}" onto public java.lang.String com.j.controller.LogingController.login()
 2018-03-12 22:58:47,878 INFO RequestMappingHandlerMapping || ||Mapped "{[]}" onto public java.lang.String com.j.controller.TestController.user(java.lang.String)
 2018-03-12 22:58:47,882 INFO RequestMappingHandlerMapping || ||Mapped "{[/error]}" onto public org.springframework.http.ResponseEntity<java.util.Map<java.lang.String, java.lang.Object>> org.springframework.boot.autoconfigure.web.BasicErrorController.error(javax.servlet.http.HttpServletRequest)
 2018-03-12 22:58:47,883 INFO RequestMappingHandlerMapping || ||Mapped "{[/error],produces=[text/html]}" onto public org.springframework.web.servlet.ModelAndView org.springframework.boot.autoconfigure.web.BasicErrorController.errorHtml(javax.servlet.http.HttpServletRequest,javax.servlet.http.HttpServletResponse)
 2018-03-12 22:58:47,929 INFO SimpleUrlHandlerMapping || ||Mapped URL path [/webjars/**] onto handler of type [class org.springframework.web.servlet.resource.ResourceHttpRequestHandler]
 2018-03-12 22:58:47,929 INFO SimpleUrlHandlerMapping || ||Mapped URL path [/**] onto handler of type [class org.springframework.web.servlet.resource.ResourceHttpRequestHandler]
 2018-03-12 22:58:47,970 INFO SimpleUrlHandlerMapping || ||Mapped URL path [/**/favicon.ico] onto handler of type [class org.springframework.web.servlet.resource.ResourceHttpRequestHandler]
 2018-03-12 22:58:48,015 WARN TemplateMode || ||[THYMELEAF][restartedMain] Template Mode 'LEGACYHTML5' is deprecated. Using Template Mode 'HTML' instead.
 2018-03-12 22:58:48,840 INFO OptionalLiveReloadServer || ||LiveReload server is running on port 35729
 2018-03-12 22:58:48,894 INFO AnnotationMBeanExporter || ||Registering beans for JMX exposure on startup
 2018-03-12 22:58:48,911 INFO ScheduledAnnotationBeanPostProcessor || ||No TaskScheduler/ScheduledExecutorService bean found for scheduled processing
 2018-03-12 22:58:48,972 INFO TomcatEmbeddedServletContainer || ||Tomcat started on port(s): 8080 (http)
 2018-03-12 22:58:48,977 INFO SprngBootApplication || ||Started SprngBootApplication in 5.672 seconds (JVM running for 7.333)
 2018-03-12 22:59:16,539 INFO Cookie || ||A cookie header was received [1490836825,1491808156,1493198604; UM_distinctid=15f0a7a93f94e6-005be7e370da44-5c4f231c-144000-15f0a7a93fa3fc; CNZZDATA1252987997=1894277099-1507709315-%7C1507881696; lastvisit=1508815733251; Hm_lvt_080836300300be57b7f34f4b3e97d911=1512400139,1513322310; CNZZDATA30088308=cnzz_eid%3D604952258-1512114466-http%253A%252F%252Flocalhost%253A8080%252F%26ntime%3D1514014152; bdshare_firstime=1517128750125; Hm_lvt_1040d081eea13b44d84a4af639640d51=1517068154,1517128678,1517148954,1517901515; CNZZDATA1255091723=1105827782-1516804316-%7C1517903983; Hm_lvt_82116c626a8d504a5c0675073362ef6f=1519315158] that contained an invalid cookie. That cookie will be ignored.Note: further occurrences of this error will be logged at DEBUG level.
 2018-03-12 22:59:16,545 INFO [/] || ||Initializing Spring FrameworkServlet 'dispatcherServlet'
 2018-03-12 22:59:16,546 INFO DispatcherServlet || ||FrameworkServlet 'dispatcherServlet': initialization started
 2018-03-12 22:59:16,567 INFO DispatcherServlet || ||FrameworkServlet 'dispatcherServlet': initialization completed in 21 ms
 