2017-12-04 23:08:26,316 INFO SprngBootApplication || ||Starting SprngBootApplication on AFOGP-608050718 with PID 17428 (D:\springcloudwork\spring-boot\target\classes started by Administrator in D:\springcloudwork\spring-boot)
 2017-12-04 23:08:26,335 INFO SprngBootApplication || ||No active profile set, falling back to default profiles: default
 2017-12-04 23:08:27,022 INFO AnnotationConfigEmbeddedWebApplicationContext || ||Refreshing org.springframework.boot.context.embedded.AnnotationConfigEmbeddedWebApplicationContext@66d25520: startup date [Mon Dec 04 23:08:27 CST 2017]; root of context hierarchy
 2017-12-04 23:08:28,946 INFO PostProcessorRegistrationDelegate$BeanPostProcessorChecker || ||Bean 'org.springframework.ws.config.annotation.DelegatingWsConfiguration' of type [org.springframework.ws.config.annotation.DelegatingWsConfiguration$$EnhancerBySpringCGLIB$$a6eef0df] is not eligible for getting processed by all BeanPostProcessors (for example: not eligible for auto-proxying)
 2017-12-04 23:08:29,011 INFO AnnotationActionEndpointMapping || ||Supporting [WS-Addressing August 2004, WS-Addressing 1.0]
 2017-12-04 23:08:30,707 INFO TomcatEmbeddedServletContainer || ||Tomcat initialized with port(s): 8080 (http)
 2017-12-04 23:08:30,723 INFO StandardService || ||Starting service [Tomcat]
 2017-12-04 23:08:30,726 INFO StandardEngine || ||Starting Servlet Engine: Apache Tomcat/8.5.23
 2017-12-04 23:08:30,859 INFO [/] || ||Initializing Spring embedded WebApplicationContext
 2017-12-04 23:08:30,859 INFO ContextLoader || ||Root WebApplicationContext: initialization completed in 3837 ms
 2017-12-04 23:08:31,200 INFO ServletRegistrationBean || ||Mapping servlet: 'dispatcherServlet' to [/]
 2017-12-04 23:08:31,202 INFO ServletRegistrationBean || ||Mapping servlet: 'messageDispatcherServlet' to [/services/*]
 2017-12-04 23:08:31,208 INFO FilterRegistrationBean || ||Mapping filter: 'characterEncodingFilter' to: [/*]
 2017-12-04 23:08:31,209 INFO FilterRegistrationBean || ||Mapping filter: 'hiddenHttpMethodFilter' to: [/*]
 2017-12-04 23:08:31,210 INFO FilterRegistrationBean || ||Mapping filter: 'httpPutFormContentFilter' to: [/*]
 2017-12-04 23:08:31,210 INFO FilterRegistrationBean || ||Mapping filter: 'requestContextFilter' to: [/*]
 2017-12-04 23:08:32,702 INFO RequestMappingHandlerAdapter || ||Looking for @ControllerAdvice: org.springframework.boot.context.embedded.AnnotationConfigEmbeddedWebApplicationContext@66d25520: startup date [Mon Dec 04 23:08:27 CST 2017]; root of context hierarchy
 2017-12-04 23:08:32,814 INFO RequestMappingHandlerMapping || ||Mapped "{[/admin]}" onto public java.lang.String com.j.controller.AdminController.index(org.springframework.ui.Model,javax.servlet.http.HttpSession)
 2017-12-04 23:08:32,816 INFO RequestMappingHandlerMapping || ||Mapped "{[/huiadmin]}" onto public java.lang.String com.j.controller.AdminController.huiadmin()
 2017-12-04 23:08:32,817 INFO RequestMappingHandlerMapping || ||Mapped "{[/cron]}" onto public java.lang.Object com.j.controller.CronController.setCron(java.lang.String)
 2017-12-04 23:08:32,821 INFO RequestMappingHandlerMapping || ||Mapped "{[/index]}" onto public java.lang.String com.j.controller.IndexController.index()
 2017-12-04 23:08:32,822 INFO RequestMappingHandlerMapping || ||Mapped "{[/index/get]}" onto public java.lang.Object com.j.controller.IndexController.get(com.j.model.UserRequest,org.springframework.validation.BindingResult)
 2017-12-04 23:08:32,822 INFO RequestMappingHandlerMapping || ||Mapped "{[/index/getInfo/{username}]}" onto public com.j.model.User com.j.controller.IndexController.getUser(java.lang.String)
 2017-12-04 23:08:32,823 INFO RequestMappingHandlerMapping || ||Mapped "{[/index/alluser]}" onto public java.lang.Object com.j.controller.IndexController.alluser()
 2017-12-04 23:08:32,824 INFO RequestMappingHandlerMapping || ||Mapped "{[/index/userinfo/{id}]}" onto public java.lang.Object com.j.controller.IndexController.userinfo(java.lang.String)
 2017-12-04 23:08:32,824 INFO RequestMappingHandlerMapping || ||Mapped "{[/login]}" onto public java.lang.String com.j.controller.LogingController.login()
 2017-12-04 23:08:32,827 INFO RequestMappingHandlerMapping || ||Mapped "{[/error]}" onto public org.springframework.http.ResponseEntity<java.util.Map<java.lang.String, java.lang.Object>> org.springframework.boot.autoconfigure.web.BasicErrorController.error(javax.servlet.http.HttpServletRequest)
 2017-12-04 23:08:32,827 INFO RequestMappingHandlerMapping || ||Mapped "{[/error],produces=[text/html]}" onto public org.springframework.web.servlet.ModelAndView org.springframework.boot.autoconfigure.web.BasicErrorController.errorHtml(javax.servlet.http.HttpServletRequest,javax.servlet.http.HttpServletResponse)
 2017-12-04 23:08:32,886 INFO SimpleUrlHandlerMapping || ||Mapped URL path [/webjars/**] onto handler of type [class org.springframework.web.servlet.resource.ResourceHttpRequestHandler]
 2017-12-04 23:08:32,887 INFO SimpleUrlHandlerMapping || ||Mapped URL path [/**] onto handler of type [class org.springframework.web.servlet.resource.ResourceHttpRequestHandler]
 2017-12-04 23:08:32,957 INFO SimpleUrlHandlerMapping || ||Mapped URL path [/**/favicon.ico] onto handler of type [class org.springframework.web.servlet.resource.ResourceHttpRequestHandler]
 2017-12-04 23:08:33,056 WARN TemplateMode || ||[THYMELEAF][restartedMain] Template Mode 'LEGACYHTML5' is deprecated. Using Template Mode 'HTML' instead.
 2017-12-04 23:08:34,111 INFO OptionalLiveReloadServer || ||LiveReload server is running on port 35729
 2017-12-04 23:08:34,177 INFO AnnotationMBeanExporter || ||Registering beans for JMX exposure on startup
 2017-12-04 23:08:34,199 INFO ScheduledAnnotationBeanPostProcessor || ||No TaskScheduler/ScheduledExecutorService bean found for scheduled processing
 2017-12-04 23:08:34,273 INFO TomcatEmbeddedServletContainer || ||Tomcat started on port(s): 8080 (http)
 2017-12-04 23:08:34,278 INFO SprngBootApplication || ||Started SprngBootApplication in 8.568 seconds (JVM running for 9.749)
 2017-12-04 23:08:47,773 INFO Cookie || ||A cookie header was received [1490836825,1491808156,1493198604; UM_distinctid=15f0a7a93f94e6-005be7e370da44-5c4f231c-144000-15f0a7a93fa3fc; CNZZDATA1252987997=1894277099-1507709315-%7C1507881696; lastvisit=1508815733251; CNZZDATA30088308=cnzz_eid%3D604952258-1512114466-http%253A%252F%252Flocalhost%253A8080%252F%26ntime%3D1512114466] that contained an invalid cookie. That cookie will be ignored.Note: further occurrences of this error will be logged at DEBUG level.
 2017-12-04 23:08:47,780 INFO [/] || ||Initializing Spring FrameworkServlet 'dispatcherServlet'
 2017-12-04 23:08:47,780 INFO DispatcherServlet || ||FrameworkServlet 'dispatcherServlet': initialization started
 2017-12-04 23:08:47,815 INFO DispatcherServlet || ||FrameworkServlet 'dispatcherServlet': initialization completed in 34 ms
 2017-12-04 23:14:25,591 INFO SprngBootApplication || ||Starting SprngBootApplication on AFOGP-608050718 with PID 16792 (D:\springcloudwork\spring-boot\target\classes started by Administrator in D:\springcloudwork\spring-boot)
 2017-12-04 23:14:25,595 INFO SprngBootApplication || ||No active profile set, falling back to default profiles: default
 2017-12-04 23:14:25,889 INFO AnnotationConfigEmbeddedWebApplicationContext || ||Refreshing org.springframework.boot.context.embedded.AnnotationConfigEmbeddedWebApplicationContext@20069aab: startup date [Mon Dec 04 23:14:25 CST 2017]; root of context hierarchy
 2017-12-04 23:14:27,200 INFO PostProcessorRegistrationDelegate$BeanPostProcessorChecker || ||Bean 'org.springframework.ws.config.annotation.DelegatingWsConfiguration' of type [org.springframework.ws.config.annotation.DelegatingWsConfiguration$$EnhancerBySpringCGLIB$$7c842744] is not eligible for getting processed by all BeanPostProcessors (for example: not eligible for auto-proxying)
 2017-12-04 23:14:27,240 INFO AnnotationActionEndpointMapping || ||Supporting [WS-Addressing August 2004, WS-Addressing 1.0]
 2017-12-04 23:14:28,314 INFO TomcatEmbeddedServletContainer || ||Tomcat initialized with port(s): 8080 (http)
 2017-12-04 23:14:28,331 INFO StandardService || ||Starting service [Tomcat]
 2017-12-04 23:14:28,333 INFO StandardEngine || ||Starting Servlet Engine: Apache Tomcat/8.5.23
 2017-12-04 23:14:28,431 INFO [/] || ||Initializing Spring embedded WebApplicationContext
 2017-12-04 23:14:28,432 INFO ContextLoader || ||Root WebApplicationContext: initialization completed in 2544 ms
 2017-12-04 23:14:28,728 INFO ServletRegistrationBean || ||Mapping servlet: 'dispatcherServlet' to [/]
 2017-12-04 23:14:28,730 INFO ServletRegistrationBean || ||Mapping servlet: 'messageDispatcherServlet' to [/services/*]
 2017-12-04 23:14:28,736 INFO FilterRegistrationBean || ||Mapping filter: 'characterEncodingFilter' to: [/*]
 2017-12-04 23:14:28,737 INFO FilterRegistrationBean || ||Mapping filter: 'hiddenHttpMethodFilter' to: [/*]
 2017-12-04 23:14:28,737 INFO FilterRegistrationBean || ||Mapping filter: 'httpPutFormContentFilter' to: [/*]
 2017-12-04 23:14:28,738 INFO FilterRegistrationBean || ||Mapping filter: 'requestContextFilter' to: [/*]
 2017-12-04 23:14:29,905 INFO RequestMappingHandlerAdapter || ||Looking for @ControllerAdvice: org.springframework.boot.context.embedded.AnnotationConfigEmbeddedWebApplicationContext@20069aab: startup date [Mon Dec 04 23:14:25 CST 2017]; root of context hierarchy
 2017-12-04 23:14:29,996 INFO RequestMappingHandlerMapping || ||Mapped "{[/admin]}" onto public java.lang.String com.j.controller.AdminController.index(org.springframework.ui.Model,javax.servlet.http.HttpSession)
 2017-12-04 23:14:29,998 INFO RequestMappingHandlerMapping || ||Mapped "{[/huiadmin]}" onto public java.lang.String com.j.controller.AdminController.huiadmin()
 2017-12-04 23:14:30,000 INFO RequestMappingHandlerMapping || ||Mapped "{[/cron]}" onto public java.lang.Object com.j.controller.CronController.setCron(java.lang.String)
 2017-12-04 23:14:30,004 INFO RequestMappingHandlerMapping || ||Mapped "{[/index]}" onto public java.lang.String com.j.controller.IndexController.index()
 2017-12-04 23:14:30,005 INFO RequestMappingHandlerMapping || ||Mapped "{[/index/get]}" onto public java.lang.Object com.j.controller.IndexController.get(com.j.model.UserRequest,org.springframework.validation.BindingResult)
 2017-12-04 23:14:30,005 INFO RequestMappingHandlerMapping || ||Mapped "{[/index/getInfo/{username}]}" onto public com.j.model.User com.j.controller.IndexController.getUser(java.lang.String)
 2017-12-04 23:14:30,006 INFO RequestMappingHandlerMapping || ||Mapped "{[/index/alluser]}" onto public java.lang.Object com.j.controller.IndexController.alluser()
 2017-12-04 23:14:30,007 INFO RequestMappingHandlerMapping || ||Mapped "{[/index/userinfo/{id}]}" onto public java.lang.Object com.j.controller.IndexController.userinfo(java.lang.String)
 2017-12-04 23:14:30,009 INFO RequestMappingHandlerMapping || ||Mapped "{[/login]}" onto public java.lang.String com.j.controller.LogingController.login()
 2017-12-04 23:14:30,012 INFO RequestMappingHandlerMapping || ||Mapped "{[/error]}" onto public org.springframework.http.ResponseEntity<java.util.Map<java.lang.String, java.lang.Object>> org.springframework.boot.autoconfigure.web.BasicErrorController.error(javax.servlet.http.HttpServletRequest)
 2017-12-04 23:14:30,013 INFO RequestMappingHandlerMapping || ||Mapped "{[/error],produces=[text/html]}" onto public org.springframework.web.servlet.ModelAndView org.springframework.boot.autoconfigure.web.BasicErrorController.errorHtml(javax.servlet.http.HttpServletRequest,javax.servlet.http.HttpServletResponse)
 2017-12-04 23:14:30,077 INFO SimpleUrlHandlerMapping || ||Mapped URL path [/webjars/**] onto handler of type [class org.springframework.web.servlet.resource.ResourceHttpRequestHandler]
 2017-12-04 23:14:30,078 INFO SimpleUrlHandlerMapping || ||Mapped URL path [/**] onto handler of type [class org.springframework.web.servlet.resource.ResourceHttpRequestHandler]
 2017-12-04 23:14:30,136 INFO SimpleUrlHandlerMapping || ||Mapped URL path [/**/favicon.ico] onto handler of type [class org.springframework.web.servlet.resource.ResourceHttpRequestHandler]
 2017-12-04 23:14:30,199 WARN TemplateMode || ||[THYMELEAF][restartedMain] Template Mode 'LEGACYHTML5' is deprecated. Using Template Mode 'HTML' instead.
 2017-12-04 23:14:30,965 INFO OptionalLiveReloadServer || ||LiveReload server is running on port 35729
 2017-12-04 23:14:31,036 INFO AnnotationMBeanExporter || ||Registering beans for JMX exposure on startup
 2017-12-04 23:14:31,063 INFO ScheduledAnnotationBeanPostProcessor || ||No TaskScheduler/ScheduledExecutorService bean found for scheduled processing
 2017-12-04 23:14:31,129 INFO TomcatEmbeddedServletContainer || ||Tomcat started on port(s): 8080 (http)
 2017-12-04 23:14:31,136 INFO SprngBootApplication || ||Started SprngBootApplication in 5.959 seconds (JVM running for 6.884)
 2017-12-04 23:14:42,427 INFO Cookie || ||A cookie header was received [1490836825,1491808156,1493198604; UM_distinctid=15f0a7a93f94e6-005be7e370da44-5c4f231c-144000-15f0a7a93fa3fc; CNZZDATA1252987997=1894277099-1507709315-%7C1507881696; lastvisit=1508815733251; CNZZDATA30088308=cnzz_eid%3D604952258-1512114466-http%253A%252F%252Flocalhost%253A8080%252F%26ntime%3D1512114466; Hm_lvt_080836300300be57b7f34f4b3e97d911=1512400139; Hm_lpvt_080836300300be57b7f34f4b3e97d911=1512400139] that contained an invalid cookie. That cookie will be ignored.Note: further occurrences of this error will be logged at DEBUG level.
 2017-12-04 23:14:42,437 INFO [/] || ||Initializing Spring FrameworkServlet 'dispatcherServlet'
 2017-12-04 23:14:42,437 INFO DispatcherServlet || ||FrameworkServlet 'dispatcherServlet': initialization started
 2017-12-04 23:14:42,478 INFO DispatcherServlet || ||FrameworkServlet 'dispatcherServlet': initialization completed in 40 ms
 2017-12-04 23:19:22,845 INFO SprngBootApplication || ||Starting SprngBootApplication on AFOGP-608050718 with PID 12732 (D:\springcloudwork\spring-boot\target\classes started by Administrator in D:\springcloudwork\spring-boot)
 2017-12-04 23:19:22,850 INFO SprngBootApplication || ||No active profile set, falling back to default profiles: default
 2017-12-04 23:19:23,173 INFO AnnotationConfigEmbeddedWebApplicationContext || ||Refreshing org.springframework.boot.context.embedded.AnnotationConfigEmbeddedWebApplicationContext@5ce17740: startup date [Mon Dec 04 23:19:23 CST 2017]; root of context hierarchy
 2017-12-04 23:19:24,518 INFO PostProcessorRegistrationDelegate$BeanPostProcessorChecker || ||Bean 'org.springframework.ws.config.annotation.DelegatingWsConfiguration' of type [org.springframework.ws.config.annotation.DelegatingWsConfiguration$$EnhancerBySpringCGLIB$$4d1af7a5] is not eligible for getting processed by all BeanPostProcessors (for example: not eligible for auto-proxying)
 2017-12-04 23:19:24,558 INFO AnnotationActionEndpointMapping || ||Supporting [WS-Addressing August 2004, WS-Addressing 1.0]
 2017-12-04 23:19:25,581 INFO TomcatEmbeddedServletContainer || ||Tomcat initialized with port(s): 8080 (http)
 2017-12-04 23:19:25,596 INFO StandardService || ||Starting service [Tomcat]
 2017-12-04 23:19:25,598 INFO StandardEngine || ||Starting Servlet Engine: Apache Tomcat/8.5.23
 2017-12-04 23:19:25,703 INFO [/] || ||Initializing Spring embedded WebApplicationContext
 2017-12-04 23:19:25,703 INFO ContextLoader || ||Root WebApplicationContext: initialization completed in 2531 ms
 2017-12-04 23:19:26,016 INFO ServletRegistrationBean || ||Mapping servlet: 'dispatcherServlet' to [/]
 2017-12-04 23:19:26,018 INFO ServletRegistrationBean || ||Mapping servlet: 'messageDispatcherServlet' to [/services/*]
 2017-12-04 23:19:26,024 INFO FilterRegistrationBean || ||Mapping filter: 'characterEncodingFilter' to: [/*]
 2017-12-04 23:19:26,024 INFO FilterRegistrationBean || ||Mapping filter: 'hiddenHttpMethodFilter' to: [/*]
 2017-12-04 23:19:26,025 INFO FilterRegistrationBean || ||Mapping filter: 'httpPutFormContentFilter' to: [/*]
 2017-12-04 23:19:26,025 INFO FilterRegistrationBean || ||Mapping filter: 'requestContextFilter' to: [/*]
 2017-12-04 23:19:27,024 INFO RequestMappingHandlerAdapter || ||Looking for @ControllerAdvice: org.springframework.boot.context.embedded.AnnotationConfigEmbeddedWebApplicationContext@5ce17740: startup date [Mon Dec 04 23:19:23 CST 2017]; root of context hierarchy
 2017-12-04 23:19:27,107 INFO RequestMappingHandlerMapping || ||Mapped "{[/admin]}" onto public java.lang.String com.j.controller.AdminController.index(org.springframework.ui.Model,javax.servlet.http.HttpSession)
 2017-12-04 23:19:27,109 INFO RequestMappingHandlerMapping || ||Mapped "{[/huiadmin]}" onto public java.lang.String com.j.controller.AdminController.huiadmin()
 2017-12-04 23:19:27,109 INFO RequestMappingHandlerMapping || ||Mapped "{[/cron]}" onto public java.lang.Object com.j.controller.CronController.setCron(java.lang.String)
 2017-12-04 23:19:27,113 INFO RequestMappingHandlerMapping || ||Mapped "{[/index]}" onto public java.lang.String com.j.controller.IndexController.index()
 2017-12-04 23:19:27,114 INFO RequestMappingHandlerMapping || ||Mapped "{[/index/get]}" onto public java.lang.Object com.j.controller.IndexController.get(com.j.model.UserRequest,org.springframework.validation.BindingResult)
 2017-12-04 23:19:27,114 INFO RequestMappingHandlerMapping || ||Mapped "{[/index/getInfo/{username}]}" onto public com.j.model.User com.j.controller.IndexController.getUser(java.lang.String)
 2017-12-04 23:19:27,115 INFO RequestMappingHandlerMapping || ||Mapped "{[/index/alluser]}" onto public java.lang.Object com.j.controller.IndexController.alluser()
 2017-12-04 23:19:27,116 INFO RequestMappingHandlerMapping || ||Mapped "{[/index/userinfo/{id}]}" onto public java.lang.Object com.j.controller.IndexController.userinfo(java.lang.String)
 2017-12-04 23:19:27,117 INFO RequestMappingHandlerMapping || ||Mapped "{[/login]}" onto public java.lang.String com.j.controller.LogingController.login()
 2017-12-04 23:19:27,119 INFO RequestMappingHandlerMapping || ||Mapped "{[/error]}" onto public org.springframework.http.ResponseEntity<java.util.Map<java.lang.String, java.lang.Object>> org.springframework.boot.autoconfigure.web.BasicErrorController.error(javax.servlet.http.HttpServletRequest)
 2017-12-04 23:19:27,120 INFO RequestMappingHandlerMapping || ||Mapped "{[/error],produces=[text/html]}" onto public org.springframework.web.servlet.ModelAndView org.springframework.boot.autoconfigure.web.BasicErrorController.errorHtml(javax.servlet.http.HttpServletRequest,javax.servlet.http.HttpServletResponse)
 2017-12-04 23:19:27,163 INFO SimpleUrlHandlerMapping || ||Mapped URL path [/webjars/**] onto handler of type [class org.springframework.web.servlet.resource.ResourceHttpRequestHandler]
 2017-12-04 23:19:27,164 INFO SimpleUrlHandlerMapping || ||Mapped URL path [/**] onto handler of type [class org.springframework.web.servlet.resource.ResourceHttpRequestHandler]
 2017-12-04 23:19:27,203 INFO SimpleUrlHandlerMapping || ||Mapped URL path [/**/favicon.ico] onto handler of type [class org.springframework.web.servlet.resource.ResourceHttpRequestHandler]
 2017-12-04 23:19:27,249 WARN TemplateMode || ||[THYMELEAF][restartedMain] Template Mode 'LEGACYHTML5' is deprecated. Using Template Mode 'HTML' instead.
 2017-12-04 23:19:27,896 INFO OptionalLiveReloadServer || ||LiveReload server is running on port 35729
 2017-12-04 23:19:27,951 INFO AnnotationMBeanExporter || ||Registering beans for JMX exposure on startup
 2017-12-04 23:19:27,971 INFO ScheduledAnnotationBeanPostProcessor || ||No TaskScheduler/ScheduledExecutorService bean found for scheduled processing
 2017-12-04 23:19:28,035 INFO TomcatEmbeddedServletContainer || ||Tomcat started on port(s): 8080 (http)
 2017-12-04 23:19:28,039 INFO SprngBootApplication || ||Started SprngBootApplication in 5.594 seconds (JVM running for 6.483)
 2017-12-04 23:20:02,506 INFO Cookie || ||A cookie header was received [1490836825,1491808156,1493198604; UM_distinctid=15f0a7a93f94e6-005be7e370da44-5c4f231c-144000-15f0a7a93fa3fc; CNZZDATA1252987997=1894277099-1507709315-%7C1507881696; lastvisit=1508815733251; CNZZDATA30088308=cnzz_eid%3D604952258-1512114466-http%253A%252F%252Flocalhost%253A8080%252F%26ntime%3D1512114466; Huiskin=default; Hm_lvt_080836300300be57b7f34f4b3e97d911=1512400139; Hm_lpvt_080836300300be57b7f34f4b3e97d911=1512400548] that contained an invalid cookie. That cookie will be ignored.Note: further occurrences of this error will be logged at DEBUG level.
 2017-12-04 23:20:02,515 INFO [/] || ||Initializing Spring FrameworkServlet 'dispatcherServlet'
 2017-12-04 23:20:02,516 INFO DispatcherServlet || ||FrameworkServlet 'dispatcherServlet': initialization started
 2017-12-04 23:20:02,553 INFO DispatcherServlet || ||FrameworkServlet 'dispatcherServlet': initialization completed in 36 ms
 2017-12-04 23:22:15,583 INFO SprngBootApplication || ||Starting SprngBootApplication on AFOGP-608050718 with PID 6484 (D:\springcloudwork\spring-boot\target\classes started by Administrator in D:\springcloudwork\spring-boot)
 2017-12-04 23:22:15,587 INFO SprngBootApplication || ||No active profile set, falling back to default profiles: default
 2017-12-04 23:22:15,918 INFO AnnotationConfigEmbeddedWebApplicationContext || ||Refreshing org.springframework.boot.context.embedded.AnnotationConfigEmbeddedWebApplicationContext@66d25520: startup date [Mon Dec 04 23:22:15 CST 2017]; root of context hierarchy
 2017-12-04 23:22:17,359 INFO PostProcessorRegistrationDelegate$BeanPostProcessorChecker || ||Bean 'org.springframework.ws.config.annotation.DelegatingWsConfiguration' of type [org.springframework.ws.config.annotation.DelegatingWsConfiguration$$EnhancerBySpringCGLIB$$48c6fe4e] is not eligible for getting processed by all BeanPostProcessors (for example: not eligible for auto-proxying)
 2017-12-04 23:22:17,404 INFO AnnotationActionEndpointMapping || ||Supporting [WS-Addressing August 2004, WS-Addressing 1.0]
 2017-12-04 23:22:18,588 INFO TomcatEmbeddedServletContainer || ||Tomcat initialized with port(s): 8080 (http)
 2017-12-04 23:22:18,607 INFO StandardService || ||Starting service [Tomcat]
 2017-12-04 23:22:18,609 INFO StandardEngine || ||Starting Servlet Engine: Apache Tomcat/8.5.23
 2017-12-04 23:22:18,730 INFO [/] || ||Initializing Spring embedded WebApplicationContext
 2017-12-04 23:22:18,731 INFO ContextLoader || ||Root WebApplicationContext: initialization completed in 2813 ms
 2017-12-04 23:22:19,019 INFO ServletRegistrationBean || ||Mapping servlet: 'dispatcherServlet' to [/]
 2017-12-04 23:22:19,022 INFO ServletRegistrationBean || ||Mapping servlet: 'messageDispatcherServlet' to [/services/*]
 2017-12-04 23:22:19,028 INFO FilterRegistrationBean || ||Mapping filter: 'characterEncodingFilter' to: [/*]
 2017-12-04 23:22:19,029 INFO FilterRegistrationBean || ||Mapping filter: 'hiddenHttpMethodFilter' to: [/*]
 2017-12-04 23:22:19,030 INFO FilterRegistrationBean || ||Mapping filter: 'httpPutFormContentFilter' to: [/*]
 2017-12-04 23:22:19,030 INFO FilterRegistrationBean || ||Mapping filter: 'requestContextFilter' to: [/*]
 2017-12-04 23:22:20,092 INFO RequestMappingHandlerAdapter || ||Looking for @ControllerAdvice: org.springframework.boot.context.embedded.AnnotationConfigEmbeddedWebApplicationContext@66d25520: startup date [Mon Dec 04 23:22:15 CST 2017]; root of context hierarchy
 2017-12-04 23:22:20,166 INFO RequestMappingHandlerMapping || ||Mapped "{[/admin]}" onto public java.lang.String com.j.controller.AdminController.index(org.springframework.ui.Model,javax.servlet.http.HttpSession)
 2017-12-04 23:22:20,168 INFO RequestMappingHandlerMapping || ||Mapped "{[/huiadmin]}" onto public java.lang.String com.j.controller.AdminController.huiadmin()
 2017-12-04 23:22:20,169 INFO RequestMappingHandlerMapping || ||Mapped "{[/cron]}" onto public java.lang.Object com.j.controller.CronController.setCron(java.lang.String)
 2017-12-04 23:22:20,173 INFO RequestMappingHandlerMapping || ||Mapped "{[/index]}" onto public java.lang.String com.j.controller.IndexController.index()
 2017-12-04 23:22:20,173 INFO RequestMappingHandlerMapping || ||Mapped "{[/index/get]}" onto public java.lang.Object com.j.controller.IndexController.get(com.j.model.UserRequest,org.springframework.validation.BindingResult)
 2017-12-04 23:22:20,174 INFO RequestMappingHandlerMapping || ||Mapped "{[/index/getInfo/{username}]}" onto public com.j.model.User com.j.controller.IndexController.getUser(java.lang.String)
 2017-12-04 23:22:20,174 INFO RequestMappingHandlerMapping || ||Mapped "{[/index/alluser]}" onto public java.lang.Object com.j.controller.IndexController.alluser()
 2017-12-04 23:22:20,175 INFO RequestMappingHandlerMapping || ||Mapped "{[/index/userinfo/{id}]}" onto public java.lang.Object com.j.controller.IndexController.userinfo(java.lang.String)
 2017-12-04 23:22:20,176 INFO RequestMappingHandlerMapping || ||Mapped "{[/login]}" onto public java.lang.String com.j.controller.LogingController.login()
 2017-12-04 23:22:20,178 INFO RequestMappingHandlerMapping || ||Mapped "{[/error]}" onto public org.springframework.http.ResponseEntity<java.util.Map<java.lang.String, java.lang.Object>> org.springframework.boot.autoconfigure.web.BasicErrorController.error(javax.servlet.http.HttpServletRequest)
 2017-12-04 23:22:20,178 INFO RequestMappingHandlerMapping || ||Mapped "{[/error],produces=[text/html]}" onto public org.springframework.web.servlet.ModelAndView org.springframework.boot.autoconfigure.web.BasicErrorController.errorHtml(javax.servlet.http.HttpServletRequest,javax.servlet.http.HttpServletResponse)
 2017-12-04 23:22:20,221 INFO SimpleUrlHandlerMapping || ||Mapped URL path [/webjars/**] onto handler of type [class org.springframework.web.servlet.resource.ResourceHttpRequestHandler]
 2017-12-04 23:22:20,222 INFO SimpleUrlHandlerMapping || ||Mapped URL path [/**] onto handler of type [class org.springframework.web.servlet.resource.ResourceHttpRequestHandler]
 2017-12-04 23:22:20,269 INFO SimpleUrlHandlerMapping || ||Mapped URL path [/**/favicon.ico] onto handler of type [class org.springframework.web.servlet.resource.ResourceHttpRequestHandler]
 2017-12-04 23:22:20,317 WARN TemplateMode || ||[THYMELEAF][restartedMain] Template Mode 'LEGACYHTML5' is deprecated. Using Template Mode 'HTML' instead.
 2017-12-04 23:22:20,980 INFO OptionalLiveReloadServer || ||LiveReload server is running on port 35729
 2017-12-04 23:22:21,037 INFO AnnotationMBeanExporter || ||Registering beans for JMX exposure on startup
 2017-12-04 23:22:21,056 INFO ScheduledAnnotationBeanPostProcessor || ||No TaskScheduler/ScheduledExecutorService bean found for scheduled processing
 2017-12-04 23:22:21,109 INFO TomcatEmbeddedServletContainer || ||Tomcat started on port(s): 8080 (http)
 2017-12-04 23:22:21,116 INFO SprngBootApplication || ||Started SprngBootApplication in 5.952 seconds (JVM running for 6.915)
 2017-12-04 23:23:18,170 INFO [/] || ||Initializing Spring FrameworkServlet 'dispatcherServlet'
 2017-12-04 23:23:18,171 INFO DispatcherServlet || ||FrameworkServlet 'dispatcherServlet': initialization started
 2017-12-04 23:23:18,205 INFO DispatcherServlet || ||FrameworkServlet 'dispatcherServlet': initialization completed in 33 ms
 2017-12-04 23:23:18,699 ERROR TemplateEngine || ||[THYMELEAF][http-nio-8080-exec-2] Exception processing template "huiAdmin/index": An error happened during template parsing (template: "class path resource [templates/huiAdmin/index.html]")
 2017-12-04 23:23:18,716 ERROR [dispatcherServlet] || ||Servlet.service() for servlet [dispatcherServlet] in context with path [] threw exception [Request processing failed; nested exception is org.thymeleaf.exceptions.TemplateInputException: An error happened during template parsing (template: "class path resource [templates/huiAdmin/index.html]")] with root cause
 2017-12-04 23:23:30,207 ERROR TemplateEngine || ||[THYMELEAF][http-nio-8080-exec-1] Exception processing template "huiAdmin/index": An error happened during template parsing (template: "class path resource [templates/huiAdmin/index.html]")
 2017-12-04 23:23:30,216 ERROR [dispatcherServlet] || ||Servlet.service() for servlet [dispatcherServlet] in context with path [] threw exception [Request processing failed; nested exception is org.thymeleaf.exceptions.TemplateInputException: An error happened during template parsing (template: "class path resource [templates/huiAdmin/index.html]")] with root cause
 2017-12-04 23:23:49,288 ERROR TemplateEngine || ||[THYMELEAF][http-nio-8080-exec-4] Exception processing template "huiAdmin/index": An error happened during template parsing (template: "class path resource [templates/huiAdmin/index.html]")
 2017-12-04 23:23:49,292 ERROR [dispatcherServlet] || ||Servlet.service() for servlet [dispatcherServlet] in context with path [] threw exception [Request processing failed; nested exception is org.thymeleaf.exceptions.TemplateInputException: An error happened during template parsing (template: "class path resource [templates/huiAdmin/index.html]")] with root cause
 2017-12-04 23:23:56,998 INFO SprngBootApplication || ||Starting SprngBootApplication on AFOGP-608050718 with PID 16800 (D:\springcloudwork\spring-boot\target\classes started by Administrator in D:\springcloudwork\spring-boot)
 2017-12-04 23:23:57,004 INFO SprngBootApplication || ||No active profile set, falling back to default profiles: default
 2017-12-04 23:23:57,284 INFO AnnotationConfigEmbeddedWebApplicationContext || ||Refreshing org.springframework.boot.context.embedded.AnnotationConfigEmbeddedWebApplicationContext@3257a83a: startup date [Mon Dec 04 23:23:57 CST 2017]; root of context hierarchy
 2017-12-04 23:23:58,510 INFO PostProcessorRegistrationDelegate$BeanPostProcessorChecker || ||Bean 'org.springframework.ws.config.annotation.DelegatingWsConfiguration' of type [org.springframework.ws.config.annotation.DelegatingWsConfiguration$$EnhancerBySpringCGLIB$$9c26a0e5] is not eligible for getting processed by all BeanPostProcessors (for example: not eligible for auto-proxying)
 2017-12-04 23:23:58,552 INFO AnnotationActionEndpointMapping || ||Supporting [WS-Addressing August 2004, WS-Addressing 1.0]
 2017-12-04 23:23:59,637 INFO TomcatEmbeddedServletContainer || ||Tomcat initialized with port(s): 8080 (http)
 2017-12-04 23:23:59,653 INFO StandardService || ||Starting service [Tomcat]
 2017-12-04 23:23:59,656 INFO StandardEngine || ||Starting Servlet Engine: Apache Tomcat/8.5.23
 2017-12-04 23:23:59,775 INFO [/] || ||Initializing Spring embedded WebApplicationContext
 2017-12-04 23:23:59,776 INFO ContextLoader || ||Root WebApplicationContext: initialization completed in 2492 ms
 2017-12-04 23:24:00,037 INFO ServletRegistrationBean || ||Mapping servlet: 'dispatcherServlet' to [/]
 2017-12-04 23:24:00,038 INFO ServletRegistrationBean || ||Mapping servlet: 'messageDispatcherServlet' to [/services/*]
 2017-12-04 23:24:00,044 INFO FilterRegistrationBean || ||Mapping filter: 'characterEncodingFilter' to: [/*]
 2017-12-04 23:24:00,045 INFO FilterRegistrationBean || ||Mapping filter: 'hiddenHttpMethodFilter' to: [/*]
 2017-12-04 23:24:00,045 INFO FilterRegistrationBean || ||Mapping filter: 'httpPutFormContentFilter' to: [/*]
 2017-12-04 23:24:00,045 INFO FilterRegistrationBean || ||Mapping filter: 'requestContextFilter' to: [/*]
 2017-12-04 23:24:01,201 INFO RequestMappingHandlerAdapter || ||Looking for @ControllerAdvice: org.springframework.boot.context.embedded.AnnotationConfigEmbeddedWebApplicationContext@3257a83a: startup date [Mon Dec 04 23:23:57 CST 2017]; root of context hierarchy
 2017-12-04 23:24:01,273 INFO RequestMappingHandlerMapping || ||Mapped "{[/admin]}" onto public java.lang.String com.j.controller.AdminController.index(org.springframework.ui.Model,javax.servlet.http.HttpSession)
 2017-12-04 23:24:01,274 INFO RequestMappingHandlerMapping || ||Mapped "{[/huiadmin]}" onto public java.lang.String com.j.controller.AdminController.huiadmin()
 2017-12-04 23:24:01,275 INFO RequestMappingHandlerMapping || ||Mapped "{[/cron]}" onto public java.lang.Object com.j.controller.CronController.setCron(java.lang.String)
 2017-12-04 23:24:01,279 INFO RequestMappingHandlerMapping || ||Mapped "{[/index]}" onto public java.lang.String com.j.controller.IndexController.index()
 2017-12-04 23:24:01,280 INFO RequestMappingHandlerMapping || ||Mapped "{[/index/get]}" onto public java.lang.Object com.j.controller.IndexController.get(com.j.model.UserRequest,org.springframework.validation.BindingResult)
 2017-12-04 23:24:01,280 INFO RequestMappingHandlerMapping || ||Mapped "{[/index/getInfo/{username}]}" onto public com.j.model.User com.j.controller.IndexController.getUser(java.lang.String)
 2017-12-04 23:24:01,281 INFO RequestMappingHandlerMapping || ||Mapped "{[/index/alluser]}" onto public java.lang.Object com.j.controller.IndexController.alluser()
 2017-12-04 23:24:01,282 INFO RequestMappingHandlerMapping || ||Mapped "{[/index/userinfo/{id}]}" onto public java.lang.Object com.j.controller.IndexController.userinfo(java.lang.String)
 2017-12-04 23:24:01,283 INFO RequestMappingHandlerMapping || ||Mapped "{[/login]}" onto public java.lang.String com.j.controller.LogingController.login()
 2017-12-04 23:24:01,285 INFO RequestMappingHandlerMapping || ||Mapped "{[/error]}" onto public org.springframework.http.ResponseEntity<java.util.Map<java.lang.String, java.lang.Object>> org.springframework.boot.autoconfigure.web.BasicErrorController.error(javax.servlet.http.HttpServletRequest)
 2017-12-04 23:24:01,286 INFO RequestMappingHandlerMapping || ||Mapped "{[/error],produces=[text/html]}" onto public org.springframework.web.servlet.ModelAndView org.springframework.boot.autoconfigure.web.BasicErrorController.errorHtml(javax.servlet.http.HttpServletRequest,javax.servlet.http.HttpServletResponse)
 2017-12-04 23:24:01,332 INFO SimpleUrlHandlerMapping || ||Mapped URL path [/webjars/**] onto handler of type [class org.springframework.web.servlet.resource.ResourceHttpRequestHandler]
 2017-12-04 23:24:01,332 INFO SimpleUrlHandlerMapping || ||Mapped URL path [/**] onto handler of type [class org.springframework.web.servlet.resource.ResourceHttpRequestHandler]
 2017-12-04 23:24:01,383 INFO SimpleUrlHandlerMapping || ||Mapped URL path [/**/favicon.ico] onto handler of type [class org.springframework.web.servlet.resource.ResourceHttpRequestHandler]
 2017-12-04 23:24:01,448 WARN TemplateMode || ||[THYMELEAF][restartedMain] Template Mode 'LEGACYHTML5' is deprecated. Using Template Mode 'HTML' instead.
 2017-12-04 23:24:02,137 INFO OptionalLiveReloadServer || ||LiveReload server is running on port 35729
 2017-12-04 23:24:02,213 INFO AnnotationMBeanExporter || ||Registering beans for JMX exposure on startup
 2017-12-04 23:24:02,235 INFO ScheduledAnnotationBeanPostProcessor || ||No TaskScheduler/ScheduledExecutorService bean found for scheduled processing
 2017-12-04 23:24:02,299 INFO TomcatEmbeddedServletContainer || ||Tomcat started on port(s): 8080 (http)
 2017-12-04 23:24:02,306 INFO SprngBootApplication || ||Started SprngBootApplication in 5.72 seconds (JVM running for 6.651)
 2017-12-04 23:24:06,518 INFO [/] || ||Initializing Spring FrameworkServlet 'dispatcherServlet'
 2017-12-04 23:24:06,519 INFO DispatcherServlet || ||FrameworkServlet 'dispatcherServlet': initialization started
 2017-12-04 23:24:06,552 INFO DispatcherServlet || ||FrameworkServlet 'dispatcherServlet': initialization completed in 32 ms
 2017-12-04 23:26:35,499 INFO SprngBootApplication || ||Starting SprngBootApplication on AFOGP-608050718 with PID 10008 (D:\springcloudwork\spring-boot\target\classes started by Administrator in D:\springcloudwork\spring-boot)
 2017-12-04 23:26:35,503 INFO SprngBootApplication || ||No active profile set, falling back to default profiles: default
 2017-12-04 23:26:35,787 INFO AnnotationConfigEmbeddedWebApplicationContext || ||Refreshing org.springframework.boot.context.embedded.AnnotationConfigEmbeddedWebApplicationContext@2741c715: startup date [Mon Dec 04 23:26:35 CST 2017]; root of context hierarchy
 2017-12-04 23:26:37,041 INFO PostProcessorRegistrationDelegate$BeanPostProcessorChecker || ||Bean 'org.springframework.ws.config.annotation.DelegatingWsConfiguration' of type [org.springframework.ws.config.annotation.DelegatingWsConfiguration$$EnhancerBySpringCGLIB$$b420fdfa] is not eligible for getting processed by all BeanPostProcessors (for example: not eligible for auto-proxying)
 2017-12-04 23:26:37,085 INFO AnnotationActionEndpointMapping || ||Supporting [WS-Addressing August 2004, WS-Addressing 1.0]
 2017-12-04 23:26:38,157 INFO TomcatEmbeddedServletContainer || ||Tomcat initialized with port(s): 8080 (http)
 2017-12-04 23:26:38,182 INFO StandardService || ||Starting service [Tomcat]
 2017-12-04 23:26:38,184 INFO StandardEngine || ||Starting Servlet Engine: Apache Tomcat/8.5.23
 2017-12-04 23:26:38,282 INFO [/] || ||Initializing Spring embedded WebApplicationContext
 2017-12-04 23:26:38,283 INFO ContextLoader || ||Root WebApplicationContext: initialization completed in 2496 ms
 2017-12-04 23:26:38,559 INFO ServletRegistrationBean || ||Mapping servlet: 'dispatcherServlet' to [/]
 2017-12-04 23:26:38,562 INFO ServletRegistrationBean || ||Mapping servlet: 'messageDispatcherServlet' to [/services/*]
 2017-12-04 23:26:38,567 INFO FilterRegistrationBean || ||Mapping filter: 'characterEncodingFilter' to: [/*]
 2017-12-04 23:26:38,568 INFO FilterRegistrationBean || ||Mapping filter: 'hiddenHttpMethodFilter' to: [/*]
 2017-12-04 23:26:38,568 INFO FilterRegistrationBean || ||Mapping filter: 'httpPutFormContentFilter' to: [/*]
 2017-12-04 23:26:38,568 INFO FilterRegistrationBean || ||Mapping filter: 'requestContextFilter' to: [/*]
 2017-12-04 23:26:39,668 INFO RequestMappingHandlerAdapter || ||Looking for @ControllerAdvice: org.springframework.boot.context.embedded.AnnotationConfigEmbeddedWebApplicationContext@2741c715: startup date [Mon Dec 04 23:26:35 CST 2017]; root of context hierarchy
 2017-12-04 23:26:39,750 INFO RequestMappingHandlerMapping || ||Mapped "{[/admin]}" onto public java.lang.String com.j.controller.AdminController.index(org.springframework.ui.Model,javax.servlet.http.HttpSession)
 2017-12-04 23:26:39,752 INFO RequestMappingHandlerMapping || ||Mapped "{[/huiadmin]}" onto public java.lang.String com.j.controller.AdminController.huiadmin()
 2017-12-04 23:26:39,752 INFO RequestMappingHandlerMapping || ||Mapped "{[/cron]}" onto public java.lang.Object com.j.controller.CronController.setCron(java.lang.String)
 2017-12-04 23:26:39,756 INFO RequestMappingHandlerMapping || ||Mapped "{[/index]}" onto public java.lang.String com.j.controller.IndexController.index()
 2017-12-04 23:26:39,757 INFO RequestMappingHandlerMapping || ||Mapped "{[/index/get]}" onto public java.lang.Object com.j.controller.IndexController.get(com.j.model.UserRequest,org.springframework.validation.BindingResult)
 2017-12-04 23:26:39,758 INFO RequestMappingHandlerMapping || ||Mapped "{[/index/getInfo/{username}]}" onto public com.j.model.User com.j.controller.IndexController.getUser(java.lang.String)
 2017-12-04 23:26:39,759 INFO RequestMappingHandlerMapping || ||Mapped "{[/index/alluser]}" onto public java.lang.Object com.j.controller.IndexController.alluser()
 2017-12-04 23:26:39,760 INFO RequestMappingHandlerMapping || ||Mapped "{[/index/userinfo/{id}]}" onto public java.lang.Object com.j.controller.IndexController.userinfo(java.lang.String)
 2017-12-04 23:26:39,761 INFO RequestMappingHandlerMapping || ||Mapped "{[/login]}" onto public java.lang.String com.j.controller.LogingController.login()
 2017-12-04 23:26:39,763 INFO RequestMappingHandlerMapping || ||Mapped "{[/error]}" onto public org.springframework.http.ResponseEntity<java.util.Map<java.lang.String, java.lang.Object>> org.springframework.boot.autoconfigure.web.BasicErrorController.error(javax.servlet.http.HttpServletRequest)
 2017-12-04 23:26:39,764 INFO RequestMappingHandlerMapping || ||Mapped "{[/error],produces=[text/html]}" onto public org.springframework.web.servlet.ModelAndView org.springframework.boot.autoconfigure.web.BasicErrorController.errorHtml(javax.servlet.http.HttpServletRequest,javax.servlet.http.HttpServletResponse)
 2017-12-04 23:26:39,814 INFO SimpleUrlHandlerMapping || ||Mapped URL path [/webjars/**] onto handler of type [class org.springframework.web.servlet.resource.ResourceHttpRequestHandler]
 2017-12-04 23:26:39,814 INFO SimpleUrlHandlerMapping || ||Mapped URL path [/**] onto handler of type [class org.springframework.web.servlet.resource.ResourceHttpRequestHandler]
 2017-12-04 23:26:39,862 INFO SimpleUrlHandlerMapping || ||Mapped URL path [/**/favicon.ico] onto handler of type [class org.springframework.web.servlet.resource.ResourceHttpRequestHandler]
 2017-12-04 23:26:39,917 WARN TemplateMode || ||[THYMELEAF][restartedMain] Template Mode 'LEGACYHTML5' is deprecated. Using Template Mode 'HTML' instead.
 2017-12-04 23:26:40,630 INFO OptionalLiveReloadServer || ||LiveReload server is running on port 35729
 2017-12-04 23:26:40,690 INFO AnnotationMBeanExporter || ||Registering beans for JMX exposure on startup
 2017-12-04 23:26:40,706 INFO ScheduledAnnotationBeanPostProcessor || ||No TaskScheduler/ScheduledExecutorService bean found for scheduled processing
 2017-12-04 23:26:40,762 INFO TomcatEmbeddedServletContainer || ||Tomcat started on port(s): 8080 (http)
 2017-12-04 23:26:40,769 INFO SprngBootApplication || ||Started SprngBootApplication in 5.648 seconds (JVM running for 6.539)
 2017-12-04 23:26:44,057 INFO [/] || ||Initializing Spring FrameworkServlet 'dispatcherServlet'
 2017-12-04 23:26:44,058 INFO DispatcherServlet || ||FrameworkServlet 'dispatcherServlet': initialization started
 2017-12-04 23:26:44,099 INFO DispatcherServlet || ||FrameworkServlet 'dispatcherServlet': initialization completed in 40 ms
 