2017-12-03 15:12:54,320 ERROR SpringApplication || ||Application startup failed
 2017-12-03 15:13:19,090 ERROR SpringApplication || ||Application startup failed
 2017-12-03 15:14:03,404 INFO SprngBootApplication || ||Starting SprngBootApplication on AFOGP-608050718 with PID 13828 (D:\springcloudwork\spring-boot\target\classes started by Administrator in D:\springcloudwork\spring-boot)
 2017-12-03 15:14:03,409 INFO SprngBootApplication || ||No active profile set, falling back to default profiles: default
 2017-12-03 15:14:04,209 INFO AnnotationConfigEmbeddedWebApplicationContext || ||Refreshing org.springframework.boot.context.embedded.AnnotationConfigEmbeddedWebApplicationContext@21c2d04: startup date [Sun Dec 03 15:14:04 CST 2017]; root of context hierarchy
 2017-12-03 15:14:05,930 INFO PostProcessorRegistrationDelegate$BeanPostProcessorChecker || ||Bean 'org.springframework.ws.config.annotation.DelegatingWsConfiguration' of type [org.springframework.ws.config.annotation.DelegatingWsConfiguration$$EnhancerBySpringCGLIB$$5fde4667] is not eligible for getting processed by all BeanPostProcessors (for example: not eligible for auto-proxying)
 2017-12-03 15:14:06,016 INFO AnnotationActionEndpointMapping || ||Supporting [WS-Addressing August 2004, WS-Addressing 1.0]
 2017-12-03 15:14:07,490 INFO TomcatEmbeddedServletContainer || ||Tomcat initialized with port(s): 8080 (http)
 2017-12-03 15:14:07,502 INFO StandardService || ||Starting service [Tomcat]
 2017-12-03 15:14:07,504 INFO StandardEngine || ||Starting Servlet Engine: Apache Tomcat/8.5.23
 2017-12-03 15:14:07,605 INFO [/] || ||Initializing Spring embedded WebApplicationContext
 2017-12-03 15:14:07,606 INFO ContextLoader || ||Root WebApplicationContext: initialization completed in 3397 ms
 2017-12-03 15:14:07,824 INFO ServletRegistrationBean || ||Mapping servlet: 'dispatcherServlet' to [/]
 2017-12-03 15:14:07,826 INFO ServletRegistrationBean || ||Mapping servlet: 'messageDispatcherServlet' to [/services/*]
 2017-12-03 15:14:07,836 INFO FilterRegistrationBean || ||Mapping filter: 'characterEncodingFilter' to: [/*]
 2017-12-03 15:14:07,837 INFO FilterRegistrationBean || ||Mapping filter: 'hiddenHttpMethodFilter' to: [/*]
 2017-12-03 15:14:07,837 INFO FilterRegistrationBean || ||Mapping filter: 'httpPutFormContentFilter' to: [/*]
 2017-12-03 15:14:07,837 INFO FilterRegistrationBean || ||Mapping filter: 'requestContextFilter' to: [/*]
 2017-12-03 15:14:09,290 INFO RequestMappingHandlerAdapter || ||Looking for @ControllerAdvice: org.springframework.boot.context.embedded.AnnotationConfigEmbeddedWebApplicationContext@21c2d04: startup date [Sun Dec 03 15:14:04 CST 2017]; root of context hierarchy
 2017-12-03 15:14:09,382 INFO RequestMappingHandlerMapping || ||Mapped "{[/admin]}" onto public java.lang.String com.j.controller.AdminController.index(org.springframework.ui.Model,javax.servlet.http.HttpSession)
 2017-12-03 15:14:09,384 INFO RequestMappingHandlerMapping || ||Mapped "{[/cron]}" onto public java.lang.Object com.j.controller.CronController.setCron(java.lang.String)
 2017-12-03 15:14:09,386 INFO RequestMappingHandlerMapping || ||Mapped "{[/index]}" onto public java.lang.String com.j.controller.IndexController.index()
 2017-12-03 15:14:09,387 INFO RequestMappingHandlerMapping || ||Mapped "{[/index/get]}" onto public java.lang.Object com.j.controller.IndexController.get(com.j.model.UserRequest,org.springframework.validation.BindingResult)
 2017-12-03 15:14:09,388 INFO RequestMappingHandlerMapping || ||Mapped "{[/index/getInfo/{username}]}" onto public com.j.model.User com.j.controller.IndexController.getUser(java.lang.String)
 2017-12-03 15:14:09,388 INFO RequestMappingHandlerMapping || ||Mapped "{[/index/alluser]}" onto public java.lang.Object com.j.controller.IndexController.alluser()
 2017-12-03 15:14:09,388 INFO RequestMappingHandlerMapping || ||Mapped "{[/index/userinfo/{id}]}" onto public java.lang.Object com.j.controller.IndexController.userinfo(java.lang.String)
 2017-12-03 15:14:09,389 INFO RequestMappingHandlerMapping || ||Mapped "{[/login]}" onto public java.lang.String com.j.controller.LogingController.login()
 2017-12-03 15:14:09,391 INFO RequestMappingHandlerMapping || ||Mapped "{[/error]}" onto public org.springframework.http.ResponseEntity<java.util.Map<java.lang.String, java.lang.Object>> org.springframework.boot.autoconfigure.web.BasicErrorController.error(javax.servlet.http.HttpServletRequest)
 2017-12-03 15:14:09,392 INFO RequestMappingHandlerMapping || ||Mapped "{[/error],produces=[text/html]}" onto public org.springframework.web.servlet.ModelAndView org.springframework.boot.autoconfigure.web.BasicErrorController.errorHtml(javax.servlet.http.HttpServletRequest,javax.servlet.http.HttpServletResponse)
 2017-12-03 15:14:09,440 INFO SimpleUrlHandlerMapping || ||Mapped URL path [/webjars/**] onto handler of type [class org.springframework.web.servlet.resource.ResourceHttpRequestHandler]
 2017-12-03 15:14:09,440 INFO SimpleUrlHandlerMapping || ||Mapped URL path [/**] onto handler of type [class org.springframework.web.servlet.resource.ResourceHttpRequestHandler]
 2017-12-03 15:14:09,483 INFO SimpleUrlHandlerMapping || ||Mapped URL path [/**/favicon.ico] onto handler of type [class org.springframework.web.servlet.resource.ResourceHttpRequestHandler]
 2017-12-03 15:14:09,536 WARN TemplateMode || ||[THYMELEAF][restartedMain] Template Mode 'LEGACYHTML5' is deprecated. Using Template Mode 'HTML' instead.
 2017-12-03 15:14:10,391 INFO OptionalLiveReloadServer || ||LiveReload server is running on port 35729
 2017-12-03 15:14:10,439 INFO AnnotationMBeanExporter || ||Registering beans for JMX exposure on startup
 2017-12-03 15:14:10,463 INFO ScheduledAnnotationBeanPostProcessor || ||No TaskScheduler/ScheduledExecutorService bean found for scheduled processing
 2017-12-03 15:14:10,540 INFO TomcatEmbeddedServletContainer || ||Tomcat started on port(s): 8080 (http)
 2017-12-03 15:14:10,545 INFO SprngBootApplication || ||Started SprngBootApplication in 7.631 seconds (JVM running for 8.431)
 2017-12-03 15:14:15,644 INFO Cookie || ||A cookie header was received [1490836825,1491808156,1493198604; UM_distinctid=15f0a7a93f94e6-005be7e370da44-5c4f231c-144000-15f0a7a93fa3fc; CNZZDATA1252987997=1894277099-1507709315-%7C1507881696; lastvisit=1508815733251; CNZZDATA30088308=cnzz_eid%3D604952258-1512114466-http%253A%252F%252Flocalhost%253A8080%252F%26ntime%3D1512114466] that contained an invalid cookie. That cookie will be ignored.Note: further occurrences of this error will be logged at DEBUG level.
 2017-12-03 15:14:15,650 INFO [/] || ||Initializing Spring FrameworkServlet 'dispatcherServlet'
 2017-12-03 15:14:15,650 INFO DispatcherServlet || ||FrameworkServlet 'dispatcherServlet': initialization started
 2017-12-03 15:14:15,677 INFO DispatcherServlet || ||FrameworkServlet 'dispatcherServlet': initialization completed in 27 ms
 